Arguments: 
  /usr/bin/node /usr/share/yarn/bin/yarn.js add --dev typesript ts-node

PATH: 
  /home/nicha/.local/bin:/usr/local/sbin:/usr/local/bin:/usr/sbin:/usr/bin:/sbin:/bin:/usr/games:/usr/local/games:/snap/bin:/home/nicha/.yarn/bin:/home/nicha/.yarn/bin

Yarn version: 
  1.22.4

Node version: 
  10.15.2

Platform: 
  linux x64

Trace: 
  Error: https://registry.yarnpkg.com/typesript: Not found
      at Request.params.callback [as _callback] (/usr/share/yarn/lib/cli.js:66987:18)
      at Request.self.callback (/usr/share/yarn/lib/cli.js:140748:22)
      at Request.emit (events.js:189:13)
      at Request.<anonymous> (/usr/share/yarn/lib/cli.js:141720:10)
      at Request.emit (events.js:189:13)
      at IncomingMessage.<anonymous> (/usr/share/yarn/lib/cli.js:141642:12)
      at Object.onceWrapper (events.js:277:13)
      at IncomingMessage.emit (events.js:194:15)
      at endReadableNT (_stream_readable.js:1103:12)
      at process._tickCallback (internal/process/next_tick.js:63:19)

npm manifest: 
  {
    "name": "basic-concepts",
    "version": "1.0.0",
    "main": "src/index.ts",
    "author": "Nicha Rojsrikul",
    "license": "MIT",
    "private": true,
    "scripts": {},
    "dependencies": {},
    "devDependencies": {}
  }

yarn manifest: 
  No manifest

Lockfile: 
  No lockfile
